This is pdfTeX, Version 3.141592653-2.6-1.40.24 (MiKTeX 23.1) (preloaded format=pdflatex 2023.2.7)  8 FEB 2023 10:22
entering extended mode
 restricted \write18 enabled.
 %&-line parsing enabled.
**./paper-swahler-journal-en.tex
(paper-swahler-journal-en.tex
LaTeX2e <2022-11-01> patch level 1
L3 programming layer <2023-02-02> (llncs.cls
Document Class: llncs 2022/01/12 v2.21 
 LaTeX document class for Lecture Notes in Computer Science
(C:\Users\mlarrea\AppData\Local\Programs\MiKTeX\tex/latex/base\article.cls
Document Class: article 2022/07/02 v1.4n Standard LaTeX document class
(C:\Users\mlarrea\AppData\Local\Programs\MiKTeX\tex/latex/base\size10.clo
File: size10.clo 2022/07/02 v1.4n Standard LaTeX file (size option)
)
\c@part=\count185
\c@section=\count186
\c@subsection=\count187
\c@subsubsection=\count188
\c@paragraph=\count189
\c@subparagraph=\count190
\c@figure=\count191
\c@table=\count192
\abovecaptionskip=\skip48
\belowcaptionskip=\skip49
\bibindent=\dimen140
)
(C:\Users\mlarrea\AppData\Local\Programs\MiKTeX\tex/latex/tools\multicol.sty
Package: multicol 2021/11/30 v1.9d multicolumn formatting (FMi)
\c@tracingmulticols=\count193
\mult@box=\box51
\multicol@leftmargin=\dimen141
\c@unbalance=\count194
\c@collectmore=\count195
\doublecol@number=\count196
\multicoltolerance=\count197
\multicolpretolerance=\count198
\full@width=\dimen142
\page@free=\dimen143
\premulticols=\dimen144
\postmulticols=\dimen145
\multicolsep=\skip50
\multicolbaselineskip=\skip51
\partial@page=\box52
\last@line=\box53
\maxbalancingoverflow=\dimen146
\mult@rightbox=\box54
\mult@grightbox=\box55
\mult@firstbox=\box56
\mult@gfirstbox=\box57
\@tempa=\box58
\@tempa=\box59
\@tempa=\box60
\@tempa=\box61
\@tempa=\box62
\@tempa=\box63
\@tempa=\box64
\@tempa=\box65
\@tempa=\box66
\@tempa=\box67
\@tempa=\box68
\@tempa=\box69
\@tempa=\box70
\@tempa=\box71
\@tempa=\box72
\@tempa=\box73
\@tempa=\box74
\@tempa=\box75
\@tempa=\box76
\@tempa=\box77
\@tempa=\box78
\@tempa=\box79
\@tempa=\box80
\@tempa=\box81
\@tempa=\box82
\@tempa=\box83
\@tempa=\box84
\@tempa=\box85
\@tempa=\box86
\@tempa=\box87
\@tempa=\box88
\@tempa=\box89
\@tempa=\box90
\@tempa=\box91
\@tempa=\box92
\@tempa=\box93
\c@minrows=\count199
\c@columnbadness=\count266
\c@finalcolumnbadness=\count267
\last@try=\dimen147
\multicolovershoot=\dimen148
\multicolundershoot=\dimen149
\mult@nat@firstbox=\box94
\colbreak@box=\box95
\mc@col@check@num=\count268
)
(C:\Users\mlarrea\AppData\Local\Programs\MiKTeX\tex/latex/oberdiek\aliascnt.sty
Package: aliascnt 2018/09/07 v1.5 Alias counters (HO)
)
\c@chapter=\count269
LaTeX Font Info:    Redeclaring math symbol \Gamma on input line 362.
LaTeX Font Info:    Redeclaring math symbol \Delta on input line 363.
LaTeX Font Info:    Redeclaring math symbol \Theta on input line 364.
LaTeX Font Info:    Redeclaring math symbol \Lambda on input line 365.
LaTeX Font Info:    Redeclaring math symbol \Xi on input line 366.
LaTeX Font Info:    Redeclaring math symbol \Pi on input line 367.
LaTeX Font Info:    Redeclaring math symbol \Sigma on input line 368.
LaTeX Font Info:    Redeclaring math symbol \Upsilon on input line 369.
LaTeX Font Info:    Redeclaring math symbol \Phi on input line 370.
LaTeX Font Info:    Redeclaring math symbol \Psi on input line 371.
LaTeX Font Info:    Redeclaring math symbol \Omega on input line 372.
\tocchpnum=\dimen150
\tocsecnum=\dimen151
\tocsectotal=\dimen152
\tocsubsecnum=\dimen153
\tocsubsectotal=\dimen154
\tocsubsubsecnum=\dimen155
\tocsubsubsectotal=\dimen156
\tocparanum=\dimen157
\tocparatotal=\dimen158
\tocsubparanum=\dimen159
\@tempcntc=\count270
\fnindent=\dimen160
\c@@inst=\count271
\c@@auth=\count272
\c@auco=\count273
\instindent=\dimen161
\authrun=\box96
\authorrunning=\toks16
\tocauthor=\toks17
\titrun=\box97
\titlerunning=\toks18
\toctitle=\toks19
\c@theorem=\count274
\c@case=\count275
\c@conjecture=\count276
\c@corollary=\count277
\c@definition=\count278
\c@example=\count279
\c@exercise=\count280
\c@lemma=\count281
\c@note=\count282
\c@problem=\count283
\c@property=\count284
\c@proposition=\count285
\c@question=\count286
\c@solution=\count287
\c@remark=\count288
\headlineindent=\dimen162
) (C:\Users\mlarrea\AppData\Local\Programs\MiKTeX\tex/latex/base\fontenc.sty
Package: fontenc 2021/04/29 v2.0v Standard LaTeX package
)
(C:\Users\mlarrea\AppData\Local\Programs\MiKTeX\tex/latex/amsfonts\amssymb.sty
Package: amssymb 2013/01/14 v3.01 AMS font symbols

(C:\Users\mlarrea\AppData\Local\Programs\MiKTeX\tex/latex/amsfonts\amsfonts.sty
Package: amsfonts 2013/01/14 v3.01 Basic AMSFonts support
\@emptytoks=\toks20
\symAMSa=\mathgroup4
\symAMSb=\mathgroup5
LaTeX Font Info:    Redeclaring math symbol \hbar on input line 98.
LaTeX Font Info:    Overwriting math alphabet `\mathfrak' in version `bold'
(Font)                  U/euf/m/n --> U/euf/b/n on input line 106.
))
(C:\Users\mlarrea\AppData\Local\Programs\MiKTeX\tex/latex/epstopdf-pkg\epstopdf
.sty
Package: epstopdf 2020-01-24 v2.11 Conversion with epstopdf on the fly (HO)

(C:\Users\mlarrea\AppData\Local\Programs\MiKTeX\tex/generic/infwarerr\infwarerr
.sty
Package: infwarerr 2019/12/03 v1.5 Providing info/warning/error messages (HO)
)
(C:\Users\mlarrea\AppData\Local\Programs\MiKTeX\tex/latex/grfext\grfext.sty
Package: grfext 2019/12/03 v1.3 Manage graphics extensions (HO)

(C:\Users\mlarrea\AppData\Local\Programs\MiKTeX\tex/generic/kvdefinekeys\kvdefi
nekeys.sty
Package: kvdefinekeys 2019-12-19 v1.6 Define keys (HO)
))
(C:\Users\mlarrea\AppData\Local\Programs\MiKTeX\tex/latex/kvoptions\kvoptions.s
ty
Package: kvoptions 2022-06-15 v3.15 Key value format for package options (HO)

(C:\Users\mlarrea\AppData\Local\Programs\MiKTeX\tex/latex/graphics\keyval.sty
Package: keyval 2022/05/29 v1.15 key=value parser (DPC)
\KV@toks@=\toks21
)
(C:\Users\mlarrea\AppData\Local\Programs\MiKTeX\tex/generic/ltxcmds\ltxcmds.sty
Package: ltxcmds 2020-05-10 v1.25 LaTeX kernel commands for general use (HO)
)
(C:\Users\mlarrea\AppData\Local\Programs\MiKTeX\tex/latex/kvsetkeys\kvsetkeys.s
ty
Package: kvsetkeys 2022-10-05 v1.19 Key value parser (HO)
))
(C:\Users\mlarrea\AppData\Local\Programs\MiKTeX\tex/generic/pdftexcmds\pdftexcm
ds.sty
Package: pdftexcmds 2020-06-27 v0.33 Utility functions of pdfTeX for LuaTeX (HO
)

(C:\Users\mlarrea\AppData\Local\Programs\MiKTeX\tex/generic/iftex\iftex.sty
Package: iftex 2022/02/03 v1.0f TeX engine tests
)
Package pdftexcmds Info: \pdf@primitive is available.
Package pdftexcmds Info: \pdf@ifprimitive is available.
Package pdftexcmds Info: \pdfdraftmode found.
)
(C:\Users\mlarrea\AppData\Local\Programs\MiKTeX\tex/latex/epstopdf-pkg\epstopdf
-base.sty
Package: epstopdf-base 2020-01-24 v2.11 Base part for package epstopdf


Package epstopdf Warning: No graphics package `graphic{s,x}' loaded.

))
(C:\Users\mlarrea\AppData\Local\Programs\MiKTeX\tex/latex/graphics\graphicx.sty
Package: graphicx 2021/09/16 v1.2d Enhanced LaTeX Graphics (DPC,SPQR)

(C:\Users\mlarrea\AppData\Local\Programs\MiKTeX\tex/latex/graphics\graphics.sty
Package: graphics 2022/03/10 v1.4e Standard LaTeX Graphics (DPC,SPQR)
(C:\Users\mlarrea\AppData\Local\Programs\MiKTeX\tex/latex/graphics\trig.sty
Package: trig 2021/08/11 v1.11 sin cos tan (DPC)
)
(C:\Users\mlarrea\AppData\Local\Programs\MiKTeX\tex/latex/graphics-cfg\graphics
.cfg
File: graphics.cfg 2016/06/04 v1.11 sample graphics configuration
)
Package graphics Info: Driver file: pdftex.def on input line 107.

(C:\Users\mlarrea\AppData\Local\Programs\MiKTeX\tex/latex/graphics-def\pdftex.d
ef
File: pdftex.def 2022/09/22 v1.2b Graphics/color driver for pdftex
))
\Gin@req@height=\dimen163
\Gin@req@width=\dimen164
)
(C:\Users\mlarrea\AppData\Local\Programs\MiKTeX\tex/generic/babel\babel.sty
Package: babel 2022/01/23 3.85 The Babel package
\babel@savecnt=\count289
\U@D=\dimen165
\l@unhyphenated=\language79

(C:\Users\mlarrea\AppData\Local\Programs\MiKTeX\tex/generic/babel\txtbabel.def)
\bbl@readstream=\read2
\bbl@dirlevel=\count290
*************************************
* Local config file bblopts.cfg used
*
(C:\Users\mlarrea\AppData\Local\Programs\MiKTeX\tex/latex/arabi\bblopts.cfg
File: bblopts.cfg 2005/09/08 v0.1 add Arabic and Farsi to "declared" options of
 babel
)
(C:\Users\mlarrea\AppData\Local\Programs\MiKTeX\tex/latex/babel-spanish\spanish
.ldf
Language: spanish.ldf 2021/05/27 v5.0q Spanish support from the babel system
\es@quottoks=\toks22
\es@quotdepth=\count291
))
(C:\Users\mlarrea\AppData\Local\Programs\MiKTeX\tex/generic/babel/locale/es\bab
el-spanish.tex
Package babel Info: Importing font and identification data for spanish
(babel)             from babel-es.ini. Reported on input line 11.
)
(C:\Users\mlarrea\AppData\Local\Programs\MiKTeX\tex/latex/todonotes\todonotes.s
ty
Package: todonotes 2023/01/31 v1.1.6 Todonotes source and documentation.
Package: todonotes 2023/01/31
 (C:\Users\mlarrea\AppData\Local\Programs\MiKTeX\tex/latex/base\ifthen.sty
Package: ifthen 2022/04/13 v1.1d Standard LaTeX ifthen package (DPC)
)
(C:\Users\mlarrea\AppData\Local\Programs\MiKTeX\tex/latex/xkeyval\xkeyval.sty
Package: xkeyval 2022/06/16 v2.9 package option processing (HA)

(C:\Users\mlarrea\AppData\Local\Programs\MiKTeX\tex/generic/xkeyval\xkeyval.tex

(C:\Users\mlarrea\AppData\Local\Programs\MiKTeX\tex/generic/xkeyval\xkvutils.te
x
\XKV@toks=\toks23
\XKV@tempa@toks=\toks24
)
\XKV@depth=\count292
File: xkeyval.tex 2014/12/03 v2.7a key=value parser (HA)
))
(C:\Users\mlarrea\AppData\Local\Programs\MiKTeX\tex/latex/xcolor\xcolor.sty
Package: xcolor 2022/06/12 v2.14 LaTeX color extensions (UK)

(C:\Users\mlarrea\AppData\Local\Programs\MiKTeX\tex/latex/graphics-cfg\color.cf
g
File: color.cfg 2016/01/02 v1.6 sample color configuration
)
Package xcolor Info: Driver file: pdftex.def on input line 227.

(C:\Users\mlarrea\AppData\Local\Programs\MiKTeX\tex/latex/graphics\mathcolor.lt
x)
Package xcolor Info: Model `cmy' substituted by `cmy0' on input line 1353.
Package xcolor Info: Model `hsb' substituted by `rgb' on input line 1357.
Package xcolor Info: Model `RGB' extended on input line 1369.
Package xcolor Info: Model `HTML' substituted by `rgb' on input line 1371.
Package xcolor Info: Model `Hsb' substituted by `hsb' on input line 1372.
Package xcolor Info: Model `tHsb' substituted by `hsb' on input line 1373.
Package xcolor Info: Model `HSB' substituted by `hsb' on input line 1374.
Package xcolor Info: Model `Gray' substituted by `gray' on input line 1375.
Package xcolor Info: Model `wave' substituted by `hsb' on input line 1376.
)
(C:\Users\mlarrea\AppData\Local\Programs\MiKTeX\tex/latex/pgf/frontendlayer\tik
z.sty
(C:\Users\mlarrea\AppData\Local\Programs\MiKTeX\tex/latex/pgf/basiclayer\pgf.st
y
(C:\Users\mlarrea\AppData\Local\Programs\MiKTeX\tex/latex/pgf/utilities\pgfrcs.
sty
(C:\Users\mlarrea\AppData\Local\Programs\MiKTeX\tex/generic/pgf/utilities\pgfut
il-common.tex
\pgfutil@everybye=\toks25
\pgfutil@tempdima=\dimen166
\pgfutil@tempdimb=\dimen167
)
(C:\Users\mlarrea\AppData\Local\Programs\MiKTeX\tex/generic/pgf/utilities\pgfut
il-latex.def
\pgfutil@abb=\box98
)
(C:\Users\mlarrea\AppData\Local\Programs\MiKTeX\tex/generic/pgf/utilities\pgfrc
s.code.tex
(C:\Users\mlarrea\AppData\Local\Programs\MiKTeX\tex/generic/pgf\pgf.revision.te
x)
Package: pgfrcs 2023-01-15 v3.1.10 (3.1.10)
))
Package: pgf 2023-01-15 v3.1.10 (3.1.10)

(C:\Users\mlarrea\AppData\Local\Programs\MiKTeX\tex/latex/pgf/basiclayer\pgfcor
e.sty
(C:\Users\mlarrea\AppData\Local\Programs\MiKTeX\tex/latex/pgf/systemlayer\pgfsy
s.sty
(C:\Users\mlarrea\AppData\Local\Programs\MiKTeX\tex/generic/pgf/systemlayer\pgf
sys.code.tex
Package: pgfsys 2023-01-15 v3.1.10 (3.1.10)

(C:\Users\mlarrea\AppData\Local\Programs\MiKTeX\tex/generic/pgf/utilities\pgfke
ys.code.tex
\pgfkeys@pathtoks=\toks26
\pgfkeys@temptoks=\toks27

(C:\Users\mlarrea\AppData\Local\Programs\MiKTeX\tex/generic/pgf/utilities\pgfke
yslibraryfiltered.code.tex
\pgfkeys@tmptoks=\toks28
))
\pgf@x=\dimen168
\pgf@y=\dimen169
\pgf@xa=\dimen170
\pgf@ya=\dimen171
\pgf@xb=\dimen172
\pgf@yb=\dimen173
\pgf@xc=\dimen174
\pgf@yc=\dimen175
\pgf@xd=\dimen176
\pgf@yd=\dimen177
\w@pgf@writea=\write3
\r@pgf@reada=\read3
\c@pgf@counta=\count293
\c@pgf@countb=\count294
\c@pgf@countc=\count295
\c@pgf@countd=\count296
\t@pgf@toka=\toks29
\t@pgf@tokb=\toks30
\t@pgf@tokc=\toks31
\pgf@sys@id@count=\count297

(C:\Users\mlarrea\AppData\Local\Programs\MiKTeX\tex/generic/pgf/systemlayer\pgf
.cfg
File: pgf.cfg 2023-01-15 v3.1.10 (3.1.10)
)
Driver file for pgf: pgfsys-pdftex.def

(C:\Users\mlarrea\AppData\Local\Programs\MiKTeX\tex/generic/pgf/systemlayer\pgf
sys-pdftex.def
File: pgfsys-pdftex.def 2023-01-15 v3.1.10 (3.1.10)

(C:\Users\mlarrea\AppData\Local\Programs\MiKTeX\tex/generic/pgf/systemlayer\pgf
sys-common-pdf.def
File: pgfsys-common-pdf.def 2023-01-15 v3.1.10 (3.1.10)
)))
(C:\Users\mlarrea\AppData\Local\Programs\MiKTeX\tex/generic/pgf/systemlayer\pgf
syssoftpath.code.tex
File: pgfsyssoftpath.code.tex 2023-01-15 v3.1.10 (3.1.10)
\pgfsyssoftpath@smallbuffer@items=\count298
\pgfsyssoftpath@bigbuffer@items=\count299
)
(C:\Users\mlarrea\AppData\Local\Programs\MiKTeX\tex/generic/pgf/systemlayer\pgf
sysprotocol.code.tex
File: pgfsysprotocol.code.tex 2023-01-15 v3.1.10 (3.1.10)
))
(C:\Users\mlarrea\AppData\Local\Programs\MiKTeX\tex/generic/pgf/basiclayer\pgfc
ore.code.tex
Package: pgfcore 2023-01-15 v3.1.10 (3.1.10)

(C:\Users\mlarrea\AppData\Local\Programs\MiKTeX\tex/generic/pgf/math\pgfmath.co
de.tex
(C:\Users\mlarrea\AppData\Local\Programs\MiKTeX\tex/generic/pgf/math\pgfmathuti
l.code.tex)
(C:\Users\mlarrea\AppData\Local\Programs\MiKTeX\tex/generic/pgf/math\pgfmathpar
ser.code.tex
\pgfmath@dimen=\dimen178
\pgfmath@count=\count300
\pgfmath@box=\box99
\pgfmath@toks=\toks32
\pgfmath@stack@operand=\toks33
\pgfmath@stack@operation=\toks34
)
(C:\Users\mlarrea\AppData\Local\Programs\MiKTeX\tex/generic/pgf/math\pgfmathfun
ctions.code.tex)
(C:\Users\mlarrea\AppData\Local\Programs\MiKTeX\tex/generic/pgf/math\pgfmathfun
ctions.basic.code.tex)
(C:\Users\mlarrea\AppData\Local\Programs\MiKTeX\tex/generic/pgf/math\pgfmathfun
ctions.trigonometric.code.tex)
(C:\Users\mlarrea\AppData\Local\Programs\MiKTeX\tex/generic/pgf/math\pgfmathfun
ctions.random.code.tex)
(C:\Users\mlarrea\AppData\Local\Programs\MiKTeX\tex/generic/pgf/math\pgfmathfun
ctions.comparison.code.tex)
(C:\Users\mlarrea\AppData\Local\Programs\MiKTeX\tex/generic/pgf/math\pgfmathfun
ctions.base.code.tex)
(C:\Users\mlarrea\AppData\Local\Programs\MiKTeX\tex/generic/pgf/math\pgfmathfun
ctions.round.code.tex)
(C:\Users\mlarrea\AppData\Local\Programs\MiKTeX\tex/generic/pgf/math\pgfmathfun
ctions.misc.code.tex)
(C:\Users\mlarrea\AppData\Local\Programs\MiKTeX\tex/generic/pgf/math\pgfmathfun
ctions.integerarithmetics.code.tex)
(C:\Users\mlarrea\AppData\Local\Programs\MiKTeX\tex/generic/pgf/math\pgfmathcal
c.code.tex)
(C:\Users\mlarrea\AppData\Local\Programs\MiKTeX\tex/generic/pgf/math\pgfmathflo
at.code.tex
\c@pgfmathroundto@lastzeros=\count301
))
(C:\Users\mlarrea\AppData\Local\Programs\MiKTeX\tex/generic/pgf/math\pgfint.cod
e.tex)
(C:\Users\mlarrea\AppData\Local\Programs\MiKTeX\tex/generic/pgf/basiclayer\pgfc
orepoints.code.tex
File: pgfcorepoints.code.tex 2023-01-15 v3.1.10 (3.1.10)
\pgf@picminx=\dimen179
\pgf@picmaxx=\dimen180
\pgf@picminy=\dimen181
\pgf@picmaxy=\dimen182
\pgf@pathminx=\dimen183
\pgf@pathmaxx=\dimen184
\pgf@pathminy=\dimen185
\pgf@pathmaxy=\dimen186
\pgf@xx=\dimen187
\pgf@xy=\dimen188
\pgf@yx=\dimen189
\pgf@yy=\dimen190
\pgf@zx=\dimen191
\pgf@zy=\dimen192
)
(C:\Users\mlarrea\AppData\Local\Programs\MiKTeX\tex/generic/pgf/basiclayer\pgfc
orepathconstruct.code.tex
File: pgfcorepathconstruct.code.tex 2023-01-15 v3.1.10 (3.1.10)
\pgf@path@lastx=\dimen193
\pgf@path@lasty=\dimen194
)
(C:\Users\mlarrea\AppData\Local\Programs\MiKTeX\tex/generic/pgf/basiclayer\pgfc
orepathusage.code.tex
File: pgfcorepathusage.code.tex 2023-01-15 v3.1.10 (3.1.10)
\pgf@shorten@end@additional=\dimen195
\pgf@shorten@start@additional=\dimen196
)
(C:\Users\mlarrea\AppData\Local\Programs\MiKTeX\tex/generic/pgf/basiclayer\pgfc
orescopes.code.tex
File: pgfcorescopes.code.tex 2023-01-15 v3.1.10 (3.1.10)
\pgfpic=\box100
\pgf@hbox=\box101
\pgf@layerbox@main=\box102
\pgf@picture@serial@count=\count302
)
(C:\Users\mlarrea\AppData\Local\Programs\MiKTeX\tex/generic/pgf/basiclayer\pgfc
oregraphicstate.code.tex
File: pgfcoregraphicstate.code.tex 2023-01-15 v3.1.10 (3.1.10)
\pgflinewidth=\dimen197
)
(C:\Users\mlarrea\AppData\Local\Programs\MiKTeX\tex/generic/pgf/basiclayer\pgfc
oretransformations.code.tex
File: pgfcoretransformations.code.tex 2023-01-15 v3.1.10 (3.1.10)
\pgf@pt@x=\dimen198
\pgf@pt@y=\dimen199
\pgf@pt@temp=\dimen256
)
(C:\Users\mlarrea\AppData\Local\Programs\MiKTeX\tex/generic/pgf/basiclayer\pgfc
orequick.code.tex
File: pgfcorequick.code.tex 2023-01-15 v3.1.10 (3.1.10)
)
(C:\Users\mlarrea\AppData\Local\Programs\MiKTeX\tex/generic/pgf/basiclayer\pgfc
oreobjects.code.tex
File: pgfcoreobjects.code.tex 2023-01-15 v3.1.10 (3.1.10)
)
(C:\Users\mlarrea\AppData\Local\Programs\MiKTeX\tex/generic/pgf/basiclayer\pgfc
orepathprocessing.code.tex
File: pgfcorepathprocessing.code.tex 2023-01-15 v3.1.10 (3.1.10)
)
(C:\Users\mlarrea\AppData\Local\Programs\MiKTeX\tex/generic/pgf/basiclayer\pgfc
orearrows.code.tex
File: pgfcorearrows.code.tex 2023-01-15 v3.1.10 (3.1.10)
\pgfarrowsep=\dimen257
)
(C:\Users\mlarrea\AppData\Local\Programs\MiKTeX\tex/generic/pgf/basiclayer\pgfc
oreshade.code.tex
File: pgfcoreshade.code.tex 2023-01-15 v3.1.10 (3.1.10)
\pgf@max=\dimen258
\pgf@sys@shading@range@num=\count303
\pgf@shadingcount=\count304
)
(C:\Users\mlarrea\AppData\Local\Programs\MiKTeX\tex/generic/pgf/basiclayer\pgfc
oreimage.code.tex
File: pgfcoreimage.code.tex 2023-01-15 v3.1.10 (3.1.10)
)
(C:\Users\mlarrea\AppData\Local\Programs\MiKTeX\tex/generic/pgf/basiclayer\pgfc
oreexternal.code.tex
File: pgfcoreexternal.code.tex 2023-01-15 v3.1.10 (3.1.10)
\pgfexternal@startupbox=\box103
)
(C:\Users\mlarrea\AppData\Local\Programs\MiKTeX\tex/generic/pgf/basiclayer\pgfc
orelayers.code.tex
File: pgfcorelayers.code.tex 2023-01-15 v3.1.10 (3.1.10)
)
(C:\Users\mlarrea\AppData\Local\Programs\MiKTeX\tex/generic/pgf/basiclayer\pgfc
oretransparency.code.tex
File: pgfcoretransparency.code.tex 2023-01-15 v3.1.10 (3.1.10)
)
(C:\Users\mlarrea\AppData\Local\Programs\MiKTeX\tex/generic/pgf/basiclayer\pgfc
orepatterns.code.tex
File: pgfcorepatterns.code.tex 2023-01-15 v3.1.10 (3.1.10)
)
(C:\Users\mlarrea\AppData\Local\Programs\MiKTeX\tex/generic/pgf/basiclayer\pgfc
orerdf.code.tex
File: pgfcorerdf.code.tex 2023-01-15 v3.1.10 (3.1.10)
)))
(C:\Users\mlarrea\AppData\Local\Programs\MiKTeX\tex/generic/pgf/modules\pgfmodu
leshapes.code.tex
File: pgfmoduleshapes.code.tex 2023-01-15 v3.1.10 (3.1.10)
\pgfnodeparttextbox=\box104
)
(C:\Users\mlarrea\AppData\Local\Programs\MiKTeX\tex/generic/pgf/modules\pgfmodu
leplot.code.tex
File: pgfmoduleplot.code.tex 2023-01-15 v3.1.10 (3.1.10)
)
(C:\Users\mlarrea\AppData\Local\Programs\MiKTeX\tex/latex/pgf/compatibility\pgf
comp-version-0-65.sty
Package: pgfcomp-version-0-65 2023-01-15 v3.1.10 (3.1.10)
\pgf@nodesepstart=\dimen259
\pgf@nodesepend=\dimen260
)
(C:\Users\mlarrea\AppData\Local\Programs\MiKTeX\tex/latex/pgf/compatibility\pgf
comp-version-1-18.sty
Package: pgfcomp-version-1-18 2023-01-15 v3.1.10 (3.1.10)
))
(C:\Users\mlarrea\AppData\Local\Programs\MiKTeX\tex/latex/pgf/utilities\pgffor.
sty
(C:\Users\mlarrea\AppData\Local\Programs\MiKTeX\tex/latex/pgf/utilities\pgfkeys
.sty
(C:\Users\mlarrea\AppData\Local\Programs\MiKTeX\tex/generic/pgf/utilities\pgfke
ys.code.tex))
(C:\Users\mlarrea\AppData\Local\Programs\MiKTeX\tex/latex/pgf/math\pgfmath.sty
(C:\Users\mlarrea\AppData\Local\Programs\MiKTeX\tex/generic/pgf/math\pgfmath.co
de.tex))
(C:\Users\mlarrea\AppData\Local\Programs\MiKTeX\tex/generic/pgf/utilities\pgffo
r.code.tex
Package: pgffor 2023-01-15 v3.1.10 (3.1.10)
\pgffor@iter=\dimen261
\pgffor@skip=\dimen262
\pgffor@stack=\toks35
\pgffor@toks=\toks36
))
(C:\Users\mlarrea\AppData\Local\Programs\MiKTeX\tex/generic/pgf/frontendlayer/t
ikz\tikz.code.tex
Package: tikz 2023-01-15 v3.1.10 (3.1.10)

(C:\Users\mlarrea\AppData\Local\Programs\MiKTeX\tex/generic/pgf/libraries\pgfli
braryplothandlers.code.tex
File: pgflibraryplothandlers.code.tex 2023-01-15 v3.1.10 (3.1.10)
\pgf@plot@mark@count=\count305
\pgfplotmarksize=\dimen263
)
\tikz@lastx=\dimen264
\tikz@lasty=\dimen265
\tikz@lastxsaved=\dimen266
\tikz@lastysaved=\dimen267
\tikz@lastmovetox=\dimen268
\tikz@lastmovetoy=\dimen269
\tikzleveldistance=\dimen270
\tikzsiblingdistance=\dimen271
\tikz@figbox=\box105
\tikz@figbox@bg=\box106
\tikz@tempbox=\box107
\tikz@tempbox@bg=\box108
\tikztreelevel=\count306
\tikznumberofchildren=\count307
\tikznumberofcurrentchild=\count308
\tikz@fig@count=\count309

(C:\Users\mlarrea\AppData\Local\Programs\MiKTeX\tex/generic/pgf/modules\pgfmodu
lematrix.code.tex
File: pgfmodulematrix.code.tex 2023-01-15 v3.1.10 (3.1.10)
\pgfmatrixcurrentrow=\count310
\pgfmatrixcurrentcolumn=\count311
\pgf@matrix@numberofcolumns=\count312
)
\tikz@expandcount=\count313

(C:\Users\mlarrea\AppData\Local\Programs\MiKTeX\tex/generic/pgf/frontendlayer/t
ikz/libraries\tikzlibrarytopaths.code.tex
File: tikzlibrarytopaths.code.tex 2023-01-15 v3.1.10 (3.1.10)
)))
(C:\Users\mlarrea\AppData\Local\Programs\MiKTeX\tex/generic/pgf/frontendlayer/t
ikz/libraries\tikzlibrarypositioning.code.tex
File: tikzlibrarypositioning.code.tex 2023-01-15 v3.1.10 (3.1.10)
)
(C:\Users\mlarrea\AppData\Local\Programs\MiKTeX\tex/latex/tools\calc.sty
Package: calc 2017/05/25 v4.3 Infix arithmetic (KKT,FJ)
\calc@Acount=\count314
\calc@Bcount=\count315
\calc@Adimen=\dimen272
\calc@Bdimen=\dimen273
\calc@Askip=\skip52
\calc@Bskip=\skip53
LaTeX Info: Redefining \setlength on input line 80.
LaTeX Info: Redefining \addtolength on input line 81.
\calc@Ccount=\count316
\calc@Cskip=\skip54
)
\c@@todonotes@numberoftodonotes=\count317
)
(C:\Users\mlarrea\AppData\Local\Programs\MiKTeX\tex/latex/pgf/frontendlayer\Tik
z.sty
(C:\Users\mlarrea\AppData\Local\Programs\MiKTeX\tex/generic/pgf/frontendlayer/t
ikz\tikz.code.tex

LaTeX Warning: You have requested package `Tikz',
               but the package provides `tikz'.

Package: tikz 2023-01-15 v3.1.10 (3.1.10)
\tikz@lastx=\dimen274
\tikz@lasty=\dimen275
\tikz@lastxsaved=\dimen276
\tikz@lastysaved=\dimen277
\tikz@lastmovetox=\dimen278
\tikz@lastmovetoy=\dimen279
\tikzleveldistance=\dimen280
\tikzsiblingdistance=\dimen281
\tikz@figbox=\box109
\tikz@figbox@bg=\box110
\tikz@tempbox=\box111
\tikz@tempbox@bg=\box112
\tikztreelevel=\count318
\tikznumberofchildren=\count319
\tikznumberofcurrentchild=\count320
\tikz@fig@count=\count321
\tikz@expandcount=\count322
))
(C:\Users\mlarrea\AppData\Local\Programs\MiKTeX\tex/latex/pspicture\pspicture.s
ty
Package: pspicture 1999/04/11/ v2.02 Picture mode via PS specials (DPC)
\@arrowlength=\dimen282
)
(C:\Users\mlarrea\AppData\Local\Programs\MiKTeX\tex/latex/subfigure\subfigure.s
ty
Package: subfigure 2002/07/30 v2.1.4 subfigure package
\subfigtopskip=\skip55
\subfigcapskip=\skip56
\subfigcaptopadj=\dimen283
\subfigbottomskip=\skip57
\subfigcapmargin=\dimen284
\subfiglabelskip=\skip58
\c@subfigure=\count323
\c@lofdepth=\count324
\c@subtable=\count325
\c@lotdepth=\count326

****************************************
* Local config file subfigure.cfg used *
****************************************

(C:\Users\mlarrea\AppData\Local\Programs\MiKTeX\tex/latex/subfigure\subfigure.c
fg)
\subfig@top=\skip59
\subfig@bottom=\skip60
) (C:\Users\mlarrea\AppData\Local\Programs\MiKTeX\tex/generic/soul\soul.sty
Package: soul 2003/11/17 v2.4 letterspacing/underlining (mf)
\SOUL@word=\toks37
\SOUL@lasttoken=\toks38
\SOUL@cmds=\toks39
\SOUL@buffer=\toks40
\SOUL@token=\toks41
\SOUL@spaceskip=\skip61
\SOUL@ttwidth=\dimen285
\SOUL@uldp=\dimen286
\SOUL@ulht=\dimen287
) (C:\Users\mlarrea\AppData\Local\Programs\MiKTeX\tex/latex/url\url.sty
\Urlmuskip=\muskip16
Package: url 2013/09/16  ver 3.4  Verb mode for urls, etc.
)
(C:\Users\mlarrea\AppData\Local\Programs\MiKTeX\tex/latex/l3backend\l3backend-p
dftex.def
File: l3backend-pdftex.def 2023-01-16 L3 backend support: PDF output (pdfTeX)
\l__color_backend_stack_int=\count327
\l__pdf_internal_box=\box113
) (paper-swahler-journal-en.aux
LaTeX Info: Redefining \. on input line 4.
LaTeX Info: Redefining \% on input line 4.
)
\openout1 = `paper-swahler-journal-en.aux'.

LaTeX Font Info:    Checking defaults for OML/cmm/m/it on input line 38.
LaTeX Font Info:    ... okay on input line 38.
LaTeX Font Info:    Checking defaults for OMS/cmsy/m/n on input line 38.
LaTeX Font Info:    ... okay on input line 38.
LaTeX Font Info:    Checking defaults for OT1/cmr/m/n on input line 38.
LaTeX Font Info:    ... okay on input line 38.
LaTeX Font Info:    Checking defaults for T1/cmr/m/n on input line 38.
LaTeX Font Info:    ... okay on input line 38.
LaTeX Font Info:    Checking defaults for TS1/cmr/m/n on input line 38.
LaTeX Font Info:    ... okay on input line 38.
LaTeX Font Info:    Checking defaults for OMX/cmex/m/n on input line 38.
LaTeX Font Info:    ... okay on input line 38.
LaTeX Font Info:    Checking defaults for U/cmr/m/n on input line 38.
LaTeX Font Info:    ... okay on input line 38.

(C:\Users\mlarrea\AppData\Local\Programs\MiKTeX\tex/context/base/mkii\supp-pdf.
mkii
[Loading MPS to PDF converter (version 2006.09.02).]
\scratchcounter=\count328
\scratchdimen=\dimen288
\scratchbox=\box114
\nofMPsegments=\count329
\nofMParguments=\count330
\everyMPshowfont=\toks42
\MPscratchCnt=\count331
\MPscratchDim=\dimen289
\MPnumerator=\count332
\makeMPintoPDFobject=\count333
\everyMPtoPDFconversion=\toks43
)
LaTeX Info: Redefining \. on input line 38.
LaTeX Info: Redefining \% on input line 38.
 (titulo.tex)
LaTeX Font Info:    Trying to load font information for U+msa on input line 41.


(C:\Users\mlarrea\AppData\Local\Programs\MiKTeX\tex/latex/amsfonts\umsa.fd
File: umsa.fd 2013/01/14 v3.01 AMS symbols A
)
LaTeX Font Info:    Trying to load font information for U+msb on input line 41.


(C:\Users\mlarrea\AppData\Local\Programs\MiKTeX\tex/latex/amsfonts\umsb.fd
File: umsb.fd 2013/01/14 v3.01 AMS symbols B
)
LaTeX Font Info:    Trying to load font information for T1+cmtt on input line 4
1.

(C:\Users\mlarrea\AppData\Local\Programs\MiKTeX\tex/latex/base\t1cmtt.fd
File: t1cmtt.fd 2022/07/10 v2.5l Standard LaTeX font definitions
)
(Abstract.tex) (Introduccion.tex [1


Non-PDF special ignored!
<special> header=pspicture.ps
{C:/Users/mlarrea/AppData/Local/MiKTeX/fonts/map/pdftex/pdftex.map}])
LaTeX Info: Redefining \. on input line 48.
LaTeX Info: Redefining \% on input line 48.
 [2]
(sna.tex
Runaway argument?
{qin2005analyzing, and \cite {stollenwerk2016taking} have used a simi\ETC.
! Paragraph ended before \@citex@checkblank was complete.
<to be read again> 
                   \par 
l.10 
     
I suspect you've forgotten a `}', causing me to apply this
control sequence to too much text. How can we recover?
My plan is to forget the whole thing and hope for the best.

LaTeX Info: Redefining \. on input line 18.
LaTeX Info: Redefining \% on input line 18.
[3]) (marco-trabajo.tex
LaTeX Info: Redefining \. on input line 9.
LaTeX Info: Redefining \% on input line 9.
 [4]
<images//grafo-ejemplo.png, id=29, 242.40562pt x 125.46875pt>
File: images//grafo-ejemplo.png Graphic file (type png)
<use images//grafo-ejemplo.png>
Package pdftex.def Info: images//grafo-ejemplo.png  used on input line 23.
(pdftex.def)             Requested size: 104.1381pt x 53.90263pt.
LaTeX Info: Redefining \. on input line 28.
LaTeX Info: Redefining \% on input line 28.
 [5]) (descripcion-datos.tex (dataset-delitos.tex)
(propiedades-red.tex
<images//grafo-30000-completo.png, id=35, 703.87968pt x 637.63219pt>
File: images//grafo-30000-completo.png Graphic file (type png)
<use images//grafo-30000-completo.png>
Package pdftex.def Info: images//grafo-30000-completo.png  used on input line 6
.
(pdftex.def)             Requested size: 138.84729pt x 125.77287pt.
<images//grafo-10000-completo.png, id=36, 883.04906pt x 677.53125pt>
File: images//grafo-10000-completo.png Graphic file (type png)
<use images//grafo-10000-completo.png>
Package pdftex.def Info: images//grafo-10000-completo.png  used on input line 2
1.
(pdftex.def)             Requested size: 72.26999pt x 55.4442pt.
<images//grafo-1000-completo.png, id=37, 878.53218pt x 676.77844pt>
File: images//grafo-1000-completo.png Graphic file (type png)
<use images//grafo-1000-completo.png>
Package pdftex.def Info: images//grafo-1000-completo.png  used on input line 28
.
(pdftex.def)             Requested size: 72.26999pt x 55.67174pt.
<images//grafo-100-completo.png, id=38, 830.35219pt x 676.77844pt>
File: images//grafo-100-completo.png Graphic file (type png)
<use images//grafo-100-completo.png>
Package pdftex.def Info: images//grafo-100-completo.png  used on input line 35.

(pdftex.def)             Requested size: 72.26999pt x 58.90402pt.

Overfull \hbox (8.86096pt too wide) in paragraph at lines 21--37
 [][][][] 
 []

<images//grafo-10-completo.png, id=39, 925.95938pt x 677.53125pt>
File: images//grafo-10-completo.png Graphic file (type png)
<use images//grafo-10-completo.png>
Package pdftex.def Info: images//grafo-10-completo.png  used on input line 45.
(pdftex.def)             Requested size: 173.56177pt x 126.99544pt.
LaTeX Info: Redefining \. on input line 50.
LaTeX Info: Redefining \% on input line 50.
[6 <./images//grafo-ejemplo.png>]
LaTeX Info: Redefining \. on input line 50.
LaTeX Info: Redefining \% on input line 50.
 [7 <./images//grafo-30000-completo.png>]
Underfull \vbox (badness 4291) has occurred while \output is active []

LaTeX Info: Redefining \. on input line 52.
LaTeX Info: Redefining \% on input line 52.
 [8 <./images//grafo-10000-completo.png> <./images//grafo-1000-completo.png> <.
/images//grafo-100-completo.png> <./images//grafo-10-completo.png>]) (visualiza
cion.tex))
LaTeX Info: Redefining \. on input line 58.
LaTeX Info: Redefining \% on input line 58.

[9] (identificacion-bandas.tex (metodos-existentes.tex)
(planteamiento-problema.tex
LaTeX Info: Redefining \. on input line 5.
LaTeX Info: Redefining \% on input line 5.
 [10]
<images//hermanos-curruman.png, id=58, 1092.33093pt x 677.53125pt>
File: images//hermanos-curruman.png Graphic file (type png)
<use images//hermanos-curruman.png>
Package pdftex.def Info: images//hermanos-curruman.png  used on input line 16.
(pdftex.def)             Requested size: 260.34265pt x 161.4736pt.
)) (pageRank.tex
LaTeX Info: Redefining \. on input line 5.
LaTeX Info: Redefining \% on input line 5.
 [11]
LaTeX Info: Redefining \. on input line 10.
LaTeX Info: Redefining \% on input line 10.
 [12 <./images//hermanos-curruman.png>]
LaTeX Info: Redefining \. on input line 59.
LaTeX Info: Redefining \% on input line 59.
 [13]
<images//6nodos-pageRank-sinColor-masTabla.png, id=75, 1111.90407pt x 312.41719
pt>
File: images//6nodos-pageRank-sinColor-masTabla.png Graphic file (type png)
<use images//6nodos-pageRank-sinColor-masTabla.png>
Package pdftex.def Info: images//6nodos-pageRank-sinColor-masTabla.png  used on
 input line 90.
(pdftex.def)             Requested size: 173.56177pt x 48.76262pt.
) (detecciones-comunitarias.tex
<images//grafo-10-completo-ConColor.png, id=76, 682.80093pt x 529.98pt>
File: images//grafo-10-completo-ConColor.png Graphic file (type png)
<use images//grafo-10-completo-ConColor.png>
Package pdftex.def Info: images//grafo-10-completo-ConColor.png  used on input 
line 15.
(pdftex.def)             Requested size: 173.56177pt x 134.71045pt.
) (caso-real-ejemplo.tex
LaTeX Info: Redefining \. on input line 5.
LaTeX Info: Redefining \% on input line 5.

[14 <./images//6nodos-pageRank-sinColor-masTabla.png>]
<images//BandaLCDs1.png, id=80, 711.4078pt x 516.42938pt>
File: images//BandaLCDs1.png Graphic file (type png)
<use images//BandaLCDs1.png>
Package pdftex.def Info: images//BandaLCDs1.png  used on input line 9.
(pdftex.def)             Requested size: 347.12354pt x 251.99667pt.
) (peso-nodos-enlaces.tex

LaTeX Warning: Citation `baeza2004web' on page 15 undefined on input line 13.

LaTeX Info: Redefining \. on input line 20.
LaTeX Info: Redefining \% on input line 20.
[15 <./images//grafo-10-completo-ConColor.png>]
LaTeX Info: Redefining \. on input line 20.
LaTeX Info: Redefining \% on input line 20.
 [16 <./images//BandaLCDs1.png>]
<images//6nodos-pageRank-peso-enlaces.png, id=87, 545.53813pt x 299.61937pt>
File: images//6nodos-pageRank-peso-enlaces.png Graphic file (type png)
<use images//6nodos-pageRank-peso-enlaces.png>
Package pdftex.def Info: images//6nodos-pageRank-peso-enlaces.png  used on inpu
t line 45.
(pdftex.def)             Requested size: 173.56177pt x 95.32239pt.
LaTeX Info: Redefining \. on input line 55.
LaTeX Info: Redefining \% on input line 55.
[17]
LaTeX Info: Redefining \. on input line 83.
LaTeX Info: Redefining \% on input line 83.
 [18 <./images//6nodos-pageRank-peso-enlaces.png>]
<images//6nodos-pageRank-peso-nodos.png, id=95, 554.07pt x 253.94875pt>
File: images//6nodos-pageRank-peso-nodos.png Graphic file (type png)
<use images//6nodos-pageRank-peso-nodos.png>
Package pdftex.def Info: images//6nodos-pageRank-peso-nodos.png  used on input 
line 87.
(pdftex.def)             Requested size: 173.56177pt x 79.54865pt.
<images//6nodos-pageRank-peso-nodos-enlaces.png, id=96, 547.04375pt x 262.48062
pt>
File: images//6nodos-pageRank-peso-nodos-enlaces.png Graphic file (type png)
<use images//6nodos-pageRank-peso-nodos-enlaces.png>
Package pdftex.def Info: images//6nodos-pageRank-peso-nodos-enlaces.png  used o
n input line 98.
(pdftex.def)             Requested size: 173.56177pt x 83.2786pt.
) (conclusion.tex
Underfull \vbox (badness 6300) has occurred while \output is active []

LaTeX Info: Redefining \. on input line 2.
LaTeX Info: Redefining \% on input line 2.
 [19 <./images//6nodos-pageRank-peso-nodos.png> <./images//6nodos-pageRank-peso
-nodos-enlaces.png>]) (trabajo-futuro.tex) (paper-swahler-journal-en.bbl
LaTeX Info: Redefining \. on input line 1.
LaTeX Info: Redefining \% on input line 1.
 [20]
Underfull \hbox (badness 4739) in paragraph at lines 95--97
[]\T1/cmr/m/n/9 Jornada, D.: Ca-so de es-tu-dio real. $\T1/cmtt/m/n/9 https : /
 / www . diariojornada . com . ar /
 []


Underfull \hbox (badness 10000) in paragraph at lines 95--97
\T1/cmtt/m/n/9 57375 / policiales / Como _ era _ el _ trabajo _ de _ la _ banda
 _ de _ los _ LCD _ que _ fue _
 []

LaTeX Info: Redefining \. on input line 97.
LaTeX Info: Redefining \% on input line 97.
[21]
LaTeX Info: Redefining \. on input line 196.
LaTeX Info: Redefining \% on input line 196.
 [22])
LaTeX Info: Redefining \. on input line 226.
LaTeX Info: Redefining \% on input line 226.
 [23] (paper-swahler-journal-en.aux
LaTeX Info: Redefining \. on input line 4.
LaTeX Info: Redefining \% on input line 4.
)

LaTeX Warning: Label(s) may have changed. Rerun to get cross-references right.

 ) 
Here is how much of TeX's memory you used:
 16298 strings out of 476374
 330032 string characters out of 5787911
 1864340 words of memory out of 5000000
 36294 multiletter control sequences out of 15000+600000
 527513 words of font info for 68 fonts, out of 8000000 for 9000
 1141 hyphenation exceptions out of 8191
 99i,10n,94p,2283b,472s stack positions out of 10000i,1000n,20000p,200000b,200000s
 <C:\Users\mlarrea\AppData\Local\MiKTeX\fonts/pk/ljfour/jknappen/ec/dpi375\ec
tt0800.pk> <C:\Users\mlarrea\AppData\Local\MiKTeX\fonts/pk/ljfour/jknappen/ec/d
pi600\ecbx1000.pk> <C:\Users\mlarrea\AppData\Local\MiKTeX\fonts/pk/ljfour/jknap
pen/ec/dpi600\ectt1000.pk> <C:\Users\mlarrea\AppData\Local\MiKTeX\fonts/pk/ljfo
ur/jknappen/ec/dpi600\ecrm0600.pk> <C:\Users\mlarrea\AppData\Local\MiKTeX\fonts
/pk/ljfour/jknappen/ec/dpi600\ecti1000.pk> <C:\Users\mlarrea\AppData\Local\MiKT
eX\fonts/pk/ljfour/jknappen/ec/dpi600\ecrm0700.pk> <C:\Users\mlarrea\AppData\Lo
cal\MiKTeX\fonts/pk/ljfour/jknappen/ec/dpi600\ecbx1200.pk> <C:\Users\mlarrea\Ap
pData\Local\MiKTeX\fonts/pk/ljfour/jknappen/ec/dpi600\tcrm0900.pk> <C:\Users\ml
arrea\AppData\Local\MiKTeX\fonts/pk/ljfour/jknappen/ec/dpi600\ecbx0900.pk> <C:\
Users\mlarrea\AppData\Local\MiKTeX\fonts/pk/ljfour/jknappen/ec/dpi600\ectt0900.
pk> <C:\Users\mlarrea\AppData\Local\MiKTeX\fonts/pk/ljfour/jknappen/ec/dpi600\e
crm0900.pk> <C:\Users\mlarrea\AppData\Local\MiKTeX\fonts/pk/ljfour/jknappen/ec/
dpi600\ecrm1000.pk> <C:\Users\mlarrea\AppData\Local\MiKTeX\fonts/pk/ljfour/jkna
ppen/ec/dpi600\ecbx1440.pk><C:/Users/mlarrea/AppData/Local/Programs/MiKTeX/font
s/type1/public/amsfonts/cm/cmex10.pfb><C:/Users/mlarrea/AppData/Local/Programs/
MiKTeX/fonts/type1/public/amsfonts/cm/cmmi10.pfb><C:/Users/mlarrea/AppData/Loca
l/Programs/MiKTeX/fonts/type1/public/amsfonts/cm/cmmi7.pfb><C:/Users/mlarrea/Ap
pData/Local/Programs/MiKTeX/fonts/type1/public/amsfonts/cm/cmr10.pfb><C:/Users/
mlarrea/AppData/Local/Programs/MiKTeX/fonts/type1/public/amsfonts/cm/cmr6.pfb><
C:/Users/mlarrea/AppData/Local/Programs/MiKTeX/fonts/type1/public/amsfonts/cm/c
mr7.pfb><C:/Users/mlarrea/AppData/Local/Programs/MiKTeX/fonts/type1/public/amsf
onts/cm/cmsy10.pfb>
Output written on paper-swahler-journal-en.pdf (23 pages, 3392411 bytes).
PDF statistics:
 655 PDF objects out of 1000 (max. 8388607)
 0 named destinations out of 1000 (max. 500000)
 78 words of extra memory for PDF output out of 10000 (max. 10000000)

